# JRE version: OpenJDK Runtime Environment Corretto-17.0.4.8.1 (17.0.4+8) (build 17.0.4+8-LTS)
# Java VM: OpenJDK 64-Bit Server VM Corretto-17.0.4.8.1 (17.0.4+8-LTS, mixed mode, emulated-client, sharing, tiered, compressed oops, compressed class ptrs, g1 gc, windows-amd64)
GC Precious Log:
 CPUs: 8 total, 8 available
 Memory: 8053M
 Large Page Support: Disabled
 NUMA Support: Disabled
 Compressed Oops: Enabled (32-bit)
 Heap Region Size: 1M
 Heap Min Capacity: 8M
 Heap Initial Capacity: 126M
 Heap Max Capacity: 2014M
 Pre-touch: Disabled
 Parallel Workers: 8
 Concurrent Workers: 2
 Concurrent Refinement Workers: 8
 Periodic GC: Disabled
Heap:
 garbage-first heap   total 51200K, used 14750K [0x0000000082200000, 0x0000000100000000)
  region size 1024K, 8 young (8192K), 6 survivors (6144K)
 Metaspace       used 21452K, committed 21760K, reserved 1073152K
  class space    used 2913K, committed 3072K, reserved 1048576K
GC Heap History (6 events):
Event: 13.394 GC heap before
{Heap before GC invocations=0 (full 0):
 garbage-first heap   total 129024K, used 23552K [0x0000000082200000, 0x0000000100000000)
  region size 1024K, 23 young (23552K), 0 survivors (0K)
 Metaspace       used 7612K, committed 7872K, reserved 1056768K
  class space    used 963K, committed 1088K, reserved 1048576K
}
Event: 13.401 GC heap after
{Heap after GC invocations=1 (full 0):
 garbage-first heap   total 129024K, used 7587K [0x0000000082200000, 0x0000000100000000)
  region size 1024K, 3 young (3072K), 3 survivors (3072K)
 Metaspace       used 7612K, committed 7872K, reserved 1056768K
  class space    used 963K, committed 1088K, reserved 1048576K
}
Event: 14.715 GC heap before
{Heap before GC invocations=1 (full 0):
 garbage-first heap   total 129024K, used 30115K [0x0000000082200000, 0x0000000100000000)
  region size 1024K, 26 young (26624K), 3 survivors (3072K)
 Metaspace       used 12650K, committed 12864K, reserved 1064960K
  class space    used 1671K, committed 1792K, reserved 1048576K
}
Event: 14.722 GC heap after
{Heap after GC invocations=2 (full 0):
 garbage-first heap   total 129024K, used 9178K [0x0000000082200000, 0x0000000100000000)
  region size 1024K, 2 young (2048K), 2 survivors (2048K)
 Metaspace       used 12650K, committed 12864K, reserved 1064960K
  class space    used 1671K, committed 1792K, reserved 1048576K
}
Event: 16.424 GC heap before
{Heap before GC invocations=2 (full 0):
 garbage-first heap   total 129024K, used 56282K [0x0000000082200000, 0x0000000100000000)
  region size 1024K, 48 young (49152K), 2 survivors (2048K)
 Metaspace       used 19648K, committed 19968K, reserved 1073152K
  class space    used 2633K, committed 2752K, reserved 1048576K
}
Event: 16.431 GC heap after
{Heap after GC invocations=3 (full 0):
 garbage-first heap   total 129024K, used 12683K [0x0000000082200000, 0x0000000100000000)
  region size 1024K, 5 young (5120K), 5 survivors (5120K)
 Metaspace       used 19648K, committed 19968K, reserved 1073152K
  class space    used 2633K, committed 2752K, reserved 1048576K
}

